<?xml version="1.0" encoding="UTF-8"?>
<testsuite xmlns:xsi="http://www.w3.org/2001/XMLSchema-instance" xsi:noNamespaceSchemaLocation="https://maven.apache.org/surefire/maven-surefire-plugin/xsd/surefire-test-report.xsd" version="3.0.2" name="TestSuite" time="45.623" tests="4" errors="0" skipped="0" failures="3">
  <properties>
[...]
</properties>
  <testcase name="runScenario[&quot;verify login functionality with valid username &amp; valid password&quot;, &quot;Login page functionality&quot;](1)" classname="runner.TestRunner" time="20.018">
    <failure message=" URL of dashboard expected [https://opensource-demo.orangehrmlive.com/web/index.php/dashboard/index] but found [https://opensource-demo.orangehrmlive.com/web/index.php/auth/login]" type="java.lang.AssertionError"><![CDATA[java.lang.AssertionError:  URL of dashboard expected [https://opensource-demo.orangehrmlive.com/web/index.php/dashboard/index] but found [https://opensource-demo.orangehrmlive.com/web/index.php/auth/login]
	at org.testng.Assert.fail(Assert.java:111)
	at org.testng.Assert.failNotEquals(Assert.java:1578)
	at org.testng.Assert.assertEqualsImpl(Assert.java:150)
	at org.testng.Assert.assertEquals(Assert.java:132)
	at org.testng.Assert.assertEquals(Assert.java:656)
	at stepDef.Login.user_should_be_navigated_to_dashboard_page(Login.java:50)
	at ✽.user should be navigated to dashboard page(file:///C:/Users/laxmi/eclipse-workspace/Learning_Cucumber/src/test/resources/FeatureFiles/Login.feature:14)
]]></failure>
    <system-out><![CDATA[
@Login @Smoke @Regression
Scenario: verify login functionality with valid username & valid password # src/test/resources/FeatureFiles/Login.feature:10

@Login @Regression @Sanity
Scenario Outline: verify login functionality with allinvalid combination # src/test/resources/FeatureFiles/Login.feature:25

@Login @Regression @Sanity
Scenario Outline: verify login functionality with allinvalid combination # src/test/resources/FeatureFiles/Login.feature:24
Before Hook - setupData - order 1
Before Hook - setupData - order 1
Before Hook - setupData - order 1

@Login @Regression @Sanity
Scenario Outline: verify login functionality with allinvalid combination # src/test/resources/FeatureFiles/Login.feature:26
Before Hook - setBrowser - order 2
Before Hook - setBrowser - order 2
Before Hook - setupData - order 1
Before Hook - setBrowser - order 2
Before Hook - setBrowser - order 2
  ✔ Given user is on login page                                           # stepDef.Login.user_is_on_login_page()
  ✔ When user enters username as ""                                       # stepDef.Login.user_enters_username_as(java.lang.String)
  ✔ And user enters password as "admin123"                                # stepDef.Login.user_enters_password_as(java.lang.String)
  ✔ And user clicks on login button                                       # stepDef.Login.user_clicks_on_login_button()
  ✘ Then user should be navigated to dashboard page                       # stepDef.Login.user_should_be_navigated_to_dashboard_page()
        java.lang.AssertionError:  URL of dashboard expected [https://opensource-demo.orangehrmlive.com/web/index.php/dashboard/index] but found [https://opensource-demo.orangehrmlive.com/web/index.php/auth/login]
        	at org.testng.Assert.fail(Assert.java:111)
        	at org.testng.Assert.failNotEquals(Assert.java:1578)
        	at org.testng.Assert.assertEqualsImpl(Assert.java:150)
        	at org.testng.Assert.assertEquals(Assert.java:132)
        	at org.testng.Assert.assertEquals(Assert.java:656)
        	at stepDef.Login.user_should_be_navigated_to_dashboard_page(Login.java:50)
        	at ✽.user should be navigated to dashboard page(file:///C:/Users/laxmi/eclipse-workspace/Learning_Cucumber/src/test/resources/FeatureFiles/Login.feature:14)

        Embedding verify_login_functionality_with_valid_username_&_valid_password [image/png 89412 bytes]

After Hook - tearDown - order 1
]]></system-out>
    <system-err><![CDATA[SLF4J: Failed to load class "org.slf4j.impl.StaticLoggerBinder".
SLF4J: Defaulting to no-operation (NOP) logger implementation
SLF4J: See http://www.slf4j.org/codes.html#StaticLoggerBinder for further details.
Jun 17, 2026 9:40:21 PM io.cucumber.core.runtime.FeaturePathFeatureSupplier get
WARNING: Got no path to feature directory or feature file
Jun 17, 2026 9:40:31 PM org.openqa.selenium.devtools.CdpVersionFinder findNearestMatch
WARNING: Unable to find CDP implementation matching 149
Jun 17, 2026 9:40:31 PM org.openqa.selenium.devtools.CdpVersionFinder findNearestMatch
WARNING: Unable to find CDP implementation matching 149
Jun 17, 2026 9:40:31 PM org.openqa.selenium.devtools.CdpVersionFinder findNearestMatch
WARNING: Unable to find CDP implementation matching 149
Jun 17, 2026 9:40:31 PM org.openqa.selenium.chromium.ChromiumDriver lambda$new$4
WARNING: Unable to find version of CDP to use for 149.0.7827.114. You may need to include a dependency on a specific version of the CDP using something similar to `org.seleniumhq.selenium:selenium-devtools-v86:4.40.0` where the version ("v86") matches the version of the chromium-based browser you're using and the version number of the artifact is the same as Selenium's.
Jun 17, 2026 9:40:31 PM org.openqa.selenium.chromium.ChromiumDriver lambda$new$4
WARNING: Unable to find version of CDP to use for 149.0.7827.114. You may need to include a dependency on a specific version of the CDP using something similar to `org.seleniumhq.selenium:selenium-devtools-v86:4.40.0` where the version ("v86") matches the version of the chromium-based browser you're using and the version number of the artifact is the same as Selenium's.
Jun 17, 2026 9:40:31 PM org.openqa.selenium.chromium.ChromiumDriver lambda$new$4
WARNING: Unable to find version of CDP to use for 149.0.7827.114. You may need to include a dependency on a specific version of the CDP using something similar to `org.seleniumhq.selenium:selenium-devtools-v86:4.40.0` where the version ("v86") matches the version of the chromium-based browser you're using and the version number of the artifact is the same as Selenium's.
Jun 17, 2026 9:40:34 PM org.openqa.selenium.devtools.CdpVersionFinder findNearestMatch
WARNING: Unable to find CDP implementation matching 149
Jun 17, 2026 9:40:34 PM org.openqa.selenium.chromium.ChromiumDriver lambda$new$4
WARNING: Unable to find version of CDP to use for 149.0.7827.114. You may need to include a dependency on a specific version of the CDP using something similar to `org.seleniumhq.selenium:selenium-devtools-v86:4.40.0` where the version ("v86") matches the version of the chromium-based browser you're using and the version number of the artifact is the same as Selenium's.
]]></system-err>
  </testcase>
  <testcase name="runScenario[&quot;verify login functionality with allinvalid combination&quot;, &quot;Login page functionality&quot;](2)" classname="runner.TestRunner" time="34.824">
    <failure message="no such window: target window already closed&#10;from unknown error: web view not found&#10;  (Session info: chrome=149.0.7827.114)&#10;Build info: version: &apos;4.40.0&apos;, revision: &apos;b3333f1&apos;&#10;System info: os.name: &apos;Windows 11&apos;, os.arch: &apos;amd64&apos;, os.version: &apos;10.0&apos;, java.version: &apos;21.0.11&apos;&#10;Driver info: org.openqa.selenium.chrome.ChromeDriver&#10;Command: [c055fc450c14bee55ee06a37bd5f1f3e, findElement {value=//input[@name=&apos;username&apos;], using=xpath}]&#10;Capabilities {acceptInsecureCerts: false, browserName: chrome, browserVersion: 149.0.7827.114, chrome: {chromedriverVersion: 149.0.7827.155 (07b52360cc1..., userDataDir: C:\Users\laxmi\AppData\Loca...}, fedcm:accounts: true, goog:chromeOptions: {debuggerAddress: localhost:54751}, goog:processID: 6712, networkConnectionEnabled: false, pageLoadStrategy: normal, platformName: windows, proxy: Proxy(), se:cdp: ws://localhost:54751/devtoo..., se:cdpVersion: 149.0.7827.114, setWindowRect: true, strictFileInteractability: false, timeouts: {implicit: 0, pageLoad: 300000, script: 30000}, unhandledPromptBehavior: dismiss and notify, webauthn:extension:credBlob: true, webauthn:extension:largeBlob: true, webauthn:extension:minPinLength: true, webauthn:extension:prf: true, webauthn:virtualAuthenticators: true}&#10;Session ID: c055fc450c14bee55ee06a37bd5f1f3e" type="org.openqa.selenium.NoSuchWindowException"><![CDATA[org.openqa.selenium.NoSuchWindowException: 
no such window: target window already closed
from unknown error: web view not found
  (Session info: chrome=149.0.7827.114)
Build info: version: '4.40.0', revision: 'b3333f1'
System info: os.name: 'Windows 11', os.arch: 'amd64', os.version: '10.0', java.version: '21.0.11'
Driver info: org.openqa.selenium.chrome.ChromeDriver
Command: [c055fc450c14bee55ee06a37bd5f1f3e, findElement {value=//input[@name='username'], using=xpath}]
Capabilities {acceptInsecureCerts: false, browserName: chrome, browserVersion: 149.0.7827.114, chrome: {chromedriverVersion: 149.0.7827.155 (07b52360cc1..., userDataDir: C:\Users\laxmi\AppData\Loca...}, fedcm:accounts: true, goog:chromeOptions: {debuggerAddress: localhost:54751}, goog:processID: 6712, networkConnectionEnabled: false, pageLoadStrategy: normal, platformName: windows, proxy: Proxy(), se:cdp: ws://localhost:54751/devtoo..., se:cdpVersion: 149.0.7827.114, setWindowRect: true, strictFileInteractability: false, timeouts: {implicit: 0, pageLoad: 300000, script: 30000}, unhandledPromptBehavior: dismiss and notify, webauthn:extension:credBlob: true, webauthn:extension:largeBlob: true, webauthn:extension:minPinLength: true, webauthn:extension:prf: true, webauthn:virtualAuthenticators: true}
Session ID: c055fc450c14bee55ee06a37bd5f1f3e
	at org.openqa.selenium.remote.ErrorCodec.decode(ErrorCodec.java:169)
	at org.openqa.selenium.remote.codec.w3c.W3CHttpResponseCodec.decode(W3CHttpResponseCodec.java:142)
	at org.openqa.selenium.remote.codec.w3c.W3CHttpResponseCodec.decode(W3CHttpResponseCodec.java:49)
	at org.openqa.selenium.remote.HttpCommandExecutor.execute(HttpCommandExecutor.java:223)
	at org.openqa.selenium.remote.service.DriverCommandExecutor.invokeExecute(DriverCommandExecutor.java:216)
	at org.openqa.selenium.remote.service.DriverCommandExecutor.execute(DriverCommandExecutor.java:174)
	at org.openqa.selenium.remote.RemoteWebDriver.execute(RemoteWebDriver.java:601)
	at org.openqa.selenium.remote.ElementLocation$ElementFinder$2.findElement(ElementLocation.java:166)
	at org.openqa.selenium.remote.ElementLocation.findElement(ElementLocation.java:60)
	at org.openqa.selenium.remote.RemoteWebDriver.findElement(RemoteWebDriver.java:424)
	at org.openqa.selenium.remote.RemoteWebDriver.findElement(RemoteWebDriver.java:418)
	at pages.LoginPage.loginToOrangeHRM(LoginPage.java:26)
	at stepDef.Login.user_enters_username_and_password(Login.java:72)
	at ✽.user enters username "Laxmi" and password "admin123"(file:///C:/Users/laxmi/eclipse-workspace/Learning_Cucumber/src/test/resources/FeatureFiles/Login.feature:18)
]]></failure>
    <system-out><![CDATA[  ✔ Given user is on login page                                          # stepDef.Login.user_is_on_login_page()
  ✔ Given user is on login page                                          # stepDef.Login.user_is_on_login_page()
  ✔ Given user is on login page                                          # stepDef.Login.user_is_on_login_page()
  ✘ When user enters username "Laxmi" and password "admin123"            # stepDef.Login.user_enters_username_and_password(java.lang.String,java.lang.String)
        org.openqa.selenium.NoSuchWindowException: no such window: target window already closed
        from unknown error: web view not found
          (Session info: chrome=149.0.7827.114)
        Build info: version: '4.40.0', revision: 'b3333f1'
        System info: os.name: 'Windows 11', os.arch: 'amd64', os.version: '10.0', java.version: '21.0.11'
        Driver info: org.openqa.selenium.chrome.ChromeDriver
        Command: [c055fc450c14bee55ee06a37bd5f1f3e, findElement {value=//input[@name='username'], using=xpath}]
        Capabilities {acceptInsecureCerts: false, browserName: chrome, browserVersion: 149.0.7827.114, chrome: {chromedriverVersion: 149.0.7827.155 (07b52360cc1..., userDataDir: C:\Users\laxmi\AppData\Loca...}, fedcm:accounts: true, goog:chromeOptions: {debuggerAddress: localhost:54751}, goog:processID: 6712, networkConnectionEnabled: false, pageLoadStrategy: normal, platformName: windows, proxy: Proxy(), se:cdp: ws://localhost:54751/devtoo..., se:cdpVersion: 149.0.7827.114, setWindowRect: true, strictFileInteractability: false, timeouts: {implicit: 0, pageLoad: 300000, script: 30000}, unhandledPromptBehavior: dismiss and notify, webauthn:extension:credBlob: true, webauthn:extension:largeBlob: true, webauthn:extension:minPinLength: true, webauthn:extension:prf: true, webauthn:virtualAuthenticators: true}
        Session ID: c055fc450c14bee55ee06a37bd5f1f3e
        	at org.openqa.selenium.remote.ErrorCodec.decode(ErrorCodec.java:169)
        	at org.openqa.selenium.remote.codec.w3c.W3CHttpResponseCodec.decode(W3CHttpResponseCodec.java:142)
        	at org.openqa.selenium.remote.codec.w3c.W3CHttpResponseCodec.decode(W3CHttpResponseCodec.java:49)
        	at org.openqa.selenium.remote.HttpCommandExecutor.execute(HttpCommandExecutor.java:223)
        	at org.openqa.selenium.remote.service.DriverCommandExecutor.invokeExecute(DriverCommandExecutor.java:216)
        	at org.openqa.selenium.remote.service.DriverCommandExecutor.execute(DriverCommandExecutor.java:174)
        	at org.openqa.selenium.remote.RemoteWebDriver.execute(RemoteWebDriver.java:601)
        	at org.openqa.selenium.remote.ElementLocation$ElementFinder$2.findElement(ElementLocation.java:166)
        	at org.openqa.selenium.remote.ElementLocation.findElement(ElementLocation.java:60)
        	at org.openqa.selenium.remote.RemoteWebDriver.findElement(RemoteWebDriver.java:424)
        	at org.openqa.selenium.remote.RemoteWebDriver.findElement(RemoteWebDriver.java:418)
        	at pages.LoginPage.loginToOrangeHRM(LoginPage.java:26)
        	at stepDef.Login.user_enters_username_and_password(Login.java:72)
        	at ✽.user enters username "Laxmi" and password "admin123"(file:///C:/Users/laxmi/eclipse-workspace/Learning_Cucumber/src/test/resources/FeatureFiles/Login.feature:18)
  ↷ Then user should not be navigated to dashboard page                  # stepDef.Login.user_should_not_be_navigated_to_dashboard_page()
        org.openqa.selenium.NoSuchWindowException: no such window: target window already closed
        from unknown error: web view not found
          (Session info: chrome=149.0.7827.114)
        Build info: version: '4.40.0', revision: 'b3333f1'
        System info: os.name: 'Windows 11', os.arch: 'amd64', os.version: '10.0', java.version: '21.0.11'
        Driver info: org.openqa.selenium.chrome.ChromeDriver
        Command: [c055fc450c14bee55ee06a37bd5f1f3e, screenshot {}]
        Capabilities {acceptInsecureCerts: false, browserName: chrome, browserVersion: 149.0.7827.114, chrome: {chromedriverVersion: 149.0.7827.155 (07b52360cc1..., userDataDir: C:\Users\laxmi\AppData\Loca...}, fedcm:accounts: true, goog:chromeOptions: {debuggerAddress: localhost:54751}, goog:processID: 6712, networkConnectionEnabled: false, pageLoadStrategy: normal, platformName: windows, proxy: Proxy(), se:cdp: ws://localhost:54751/devtoo..., se:cdpVersion: 149.0.7827.114, setWindowRect: true, strictFileInteractability: false, timeouts: {implicit: 0, pageLoad: 300000, script: 30000}, unhandledPromptBehavior: dismiss and notify, webauthn:extension:credBlob: true, webauthn:extension:largeBlob: true, webauthn:extension:minPinLength: true, webauthn:extension:prf: true, webauthn:virtualAuthenticators: true}
        Session ID: c055fc450c14bee55ee06a37bd5f1f3e
        	at org.openqa.selenium.remote.ErrorCodec.decode(ErrorCodec.java:169)
        	at org.openqa.selenium.remote.codec.w3c.W3CHttpResponseCodec.decode(W3CHttpResponseCodec.java:142)
        	at org.openqa.selenium.remote.codec.w3c.W3CHttpResponseCodec.decode(W3CHttpResponseCodec.java:49)
        	at org.openqa.selenium.remote.HttpCommandExecutor.execute(HttpCommandExecutor.java:223)
        	at org.openqa.selenium.remote.service.DriverCommandExecutor.invokeExecute(DriverCommandExecutor.java:216)
        	at org.openqa.selenium.remote.service.DriverCommandExecutor.execute(DriverCommandExecutor.java:174)
        	at org.openqa.selenium.remote.RemoteWebDriver.execute(RemoteWebDriver.java:601)
        	at org.openqa.selenium.remote.RemoteWebDriver.execute(RemoteWebDriver.java:678)
        	at org.openqa.selenium.remote.RemoteWebDriver.execute(RemoteWebDriver.java:682)
        	at org.openqa.selenium.remote.RemoteWebDriver.getScreenshotAs(RemoteWebDriver.java:390)
        	at hooks.HooksSetup.takeSceenshot(HooksSetup.java:43)
After Hook - tearDown - order 1
]]></system-out>
  </testcase>
  <testcase name="runScenario[&quot;verify login functionality with allinvalid combination&quot;, &quot;Login page functionality&quot;](3)" classname="runner.TestRunner" time="35.925">
    <failure message="target frame detached&#10;  (failed to check if window was closed: disconnected: Unable to receive message from renderer)&#10;  (Session info: chrome=149.0.7827.114) (error code: &quot;target frame detached&quot;)&#10;Build info: version: &apos;4.40.0&apos;, revision: &apos;b3333f1&apos;&#10;System info: os.name: &apos;Windows 11&apos;, os.arch: &apos;amd64&apos;, os.version: &apos;10.0&apos;, java.version: &apos;21.0.11&apos;&#10;Driver info: org.openqa.selenium.chrome.ChromeDriver&#10;Command: [6ee4b142c742c0afeadc3c66bf8a9c31, sendKeysToElement {value=[Ljava.lang.CharSequence;@47465682, id=f.8A9BBA456F238B9E99E531D6766645FB.d.081EEA853DFC279C2C599922AF7457F0.e.4}]&#10;Capabilities {acceptInsecureCerts: false, browserName: chrome, browserVersion: 149.0.7827.114, chrome: {chromedriverVersion: 149.0.7827.155 (07b52360cc1..., userDataDir: C:\Users\laxmi\AppData\Loca...}, fedcm:accounts: true, goog:chromeOptions: {debuggerAddress: localhost:56985}, goog:processID: 41692, networkConnectionEnabled: false, pageLoadStrategy: normal, platformName: windows, proxy: Proxy(), se:cdp: ws://localhost:56985/devtoo..., se:cdpVersion: 149.0.7827.114, setWindowRect: true, strictFileInteractability: false, timeouts: {implicit: 0, pageLoad: 300000, script: 30000}, unhandledPromptBehavior: dismiss and notify, webauthn:extension:credBlob: true, webauthn:extension:largeBlob: true, webauthn:extension:minPinLength: true, webauthn:extension:prf: true, webauthn:virtualAuthenticators: true}&#10;Element: [[ChromeDriver: chrome on windows (6ee4b142c742c0afeadc3c66bf8a9c31)] -&gt; xpath: //input[@name=&apos;password&apos;]]&#10;Session ID: 6ee4b142c742c0afeadc3c66bf8a9c31" type="org.openqa.selenium.WebDriverException"><![CDATA[org.openqa.selenium.WebDriverException: 
target frame detached
  (failed to check if window was closed: disconnected: Unable to receive message from renderer)
  (Session info: chrome=149.0.7827.114) (error code: "target frame detached")
Build info: version: '4.40.0', revision: 'b3333f1'
System info: os.name: 'Windows 11', os.arch: 'amd64', os.version: '10.0', java.version: '21.0.11'
Driver info: org.openqa.selenium.chrome.ChromeDriver
Command: [6ee4b142c742c0afeadc3c66bf8a9c31, sendKeysToElement {value=[Ljava.lang.CharSequence;@47465682, id=f.8A9BBA456F238B9E99E531D6766645FB.d.081EEA853DFC279C2C599922AF7457F0.e.4}]
Capabilities {acceptInsecureCerts: false, browserName: chrome, browserVersion: 149.0.7827.114, chrome: {chromedriverVersion: 149.0.7827.155 (07b52360cc1..., userDataDir: C:\Users\laxmi\AppData\Loca...}, fedcm:accounts: true, goog:chromeOptions: {debuggerAddress: localhost:56985}, goog:processID: 41692, networkConnectionEnabled: false, pageLoadStrategy: normal, platformName: windows, proxy: Proxy(), se:cdp: ws://localhost:56985/devtoo..., se:cdpVersion: 149.0.7827.114, setWindowRect: true, strictFileInteractability: false, timeouts: {implicit: 0, pageLoad: 300000, script: 30000}, unhandledPromptBehavior: dismiss and notify, webauthn:extension:credBlob: true, webauthn:extension:largeBlob: true, webauthn:extension:minPinLength: true, webauthn:extension:prf: true, webauthn:virtualAuthenticators: true}
Element: [[ChromeDriver: chrome on windows (6ee4b142c742c0afeadc3c66bf8a9c31)] -> xpath: //input[@name='password']]
Session ID: 6ee4b142c742c0afeadc3c66bf8a9c31
	at org.openqa.selenium.remote.ErrorCodec.decode(ErrorCodec.java:172)
	at org.openqa.selenium.remote.codec.w3c.W3CHttpResponseCodec.decode(W3CHttpResponseCodec.java:142)
	at org.openqa.selenium.remote.codec.w3c.W3CHttpResponseCodec.decode(W3CHttpResponseCodec.java:49)
	at org.openqa.selenium.remote.HttpCommandExecutor.execute(HttpCommandExecutor.java:223)
	at org.openqa.selenium.remote.service.DriverCommandExecutor.invokeExecute(DriverCommandExecutor.java:216)
	at org.openqa.selenium.remote.service.DriverCommandExecutor.execute(DriverCommandExecutor.java:174)
	at org.openqa.selenium.remote.RemoteWebDriver.execute(RemoteWebDriver.java:601)
	at org.openqa.selenium.remote.RemoteWebElement.execute(RemoteWebElement.java:223)
	at org.openqa.selenium.remote.RemoteWebElement.sendKeys(RemoteWebElement.java:110)
	at pages.LoginPage.loginToOrangeHRM(LoginPage.java:27)
	at stepDef.Login.user_enters_username_and_password(Login.java:72)
	at ✽.user enters username "Laxmi" and password "Laxmi@123"(file:///C:/Users/laxmi/eclipse-workspace/Learning_Cucumber/src/test/resources/FeatureFiles/Login.feature:18)
]]></failure>
    <system-out><![CDATA[  ✘ When user enters username "Laxmi" and password "Laxmi@123"           # stepDef.Login.user_enters_username_and_password(java.lang.String,java.lang.String)
        org.openqa.selenium.WebDriverException: target frame detached
          (failed to check if window was closed: disconnected: Unable to receive message from renderer)
          (Session info: chrome=149.0.7827.114) (error code: "target frame detached")
        Build info: version: '4.40.0', revision: 'b3333f1'
        System info: os.name: 'Windows 11', os.arch: 'amd64', os.version: '10.0', java.version: '21.0.11'
        Driver info: org.openqa.selenium.chrome.ChromeDriver
        Command: [6ee4b142c742c0afeadc3c66bf8a9c31, sendKeysToElement {value=[Ljava.lang.CharSequence;@47465682, id=f.8A9BBA456F238B9E99E531D6766645FB.d.081EEA853DFC279C2C599922AF7457F0.e.4}]
        Capabilities {acceptInsecureCerts: false, browserName: chrome, browserVersion: 149.0.7827.114, chrome: {chromedriverVersion: 149.0.7827.155 (07b52360cc1..., userDataDir: C:\Users\laxmi\AppData\Loca...}, fedcm:accounts: true, goog:chromeOptions: {debuggerAddress: localhost:56985}, goog:processID: 41692, networkConnectionEnabled: false, pageLoadStrategy: normal, platformName: windows, proxy: Proxy(), se:cdp: ws://localhost:56985/devtoo..., se:cdpVersion: 149.0.7827.114, setWindowRect: true, strictFileInteractability: false, timeouts: {implicit: 0, pageLoad: 300000, script: 30000}, unhandledPromptBehavior: dismiss and notify, webauthn:extension:credBlob: true, webauthn:extension:largeBlob: true, webauthn:extension:minPinLength: true, webauthn:extension:prf: true, webauthn:virtualAuthenticators: true}
        Element: [[ChromeDriver: chrome on windows (6ee4b142c742c0afeadc3c66bf8a9c31)] -> xpath: //input[@name='password']]
        Session ID: 6ee4b142c742c0afeadc3c66bf8a9c31
        	at org.openqa.selenium.remote.ErrorCodec.decode(ErrorCodec.java:172)
        	at org.openqa.selenium.remote.codec.w3c.W3CHttpResponseCodec.decode(W3CHttpResponseCodec.java:142)
        	at org.openqa.selenium.remote.codec.w3c.W3CHttpResponseCodec.decode(W3CHttpResponseCodec.java:49)
        	at org.openqa.selenium.remote.HttpCommandExecutor.execute(HttpCommandExecutor.java:223)
        	at org.openqa.selenium.remote.service.DriverCommandExecutor.invokeExecute(DriverCommandExecutor.java:216)
        	at org.openqa.selenium.remote.service.DriverCommandExecutor.execute(DriverCommandExecutor.java:174)
        	at org.openqa.selenium.remote.RemoteWebDriver.execute(RemoteWebDriver.java:601)
        	at org.openqa.selenium.remote.RemoteWebElement.execute(RemoteWebElement.java:223)
        	at org.openqa.selenium.remote.RemoteWebElement.sendKeys(RemoteWebElement.java:110)
        	at pages.LoginPage.loginToOrangeHRM(LoginPage.java:27)
        	at stepDef.Login.user_enters_username_and_password(Login.java:72)
        	at ✽.user enters username "Laxmi" and password "Laxmi@123"(file:///C:/Users/laxmi/eclipse-workspace/Learning_Cucumber/src/test/resources/FeatureFiles/Login.feature:18)
  ↷ Then user should not be navigated to dashboard page                  # stepDef.Login.user_should_not_be_navigated_to_dashboard_page()
        org.openqa.selenium.NoSuchWindowException: no such window: target window already closed
        from unknown error: web view not found
          (Session info: chrome=149.0.7827.114)
        Build info: version: '4.40.0', revision: 'b3333f1'
        System info: os.name: 'Windows 11', os.arch: 'amd64', os.version: '10.0', java.version: '21.0.11'
        Driver info: org.openqa.selenium.chrome.ChromeDriver
        Command: [6ee4b142c742c0afeadc3c66bf8a9c31, screenshot {}]
        Capabilities {acceptInsecureCerts: false, browserName: chrome, browserVersion: 149.0.7827.114, chrome: {chromedriverVersion: 149.0.7827.155 (07b52360cc1..., userDataDir: C:\Users\laxmi\AppData\Loca...}, fedcm:accounts: true, goog:chromeOptions: {debuggerAddress: localhost:56985}, goog:processID: 41692, networkConnectionEnabled: false, pageLoadStrategy: normal, platformName: windows, proxy: Proxy(), se:cdp: ws://localhost:56985/devtoo..., se:cdpVersion: 149.0.7827.114, setWindowRect: true, strictFileInteractability: false, timeouts: {implicit: 0, pageLoad: 300000, script: 30000}, unhandledPromptBehavior: dismiss and notify, webauthn:extension:credBlob: true, webauthn:extension:largeBlob: true, webauthn:extension:minPinLength: true, webauthn:extension:prf: true, webauthn:virtualAuthenticators: true}
        Session ID: 6ee4b142c742c0afeadc3c66bf8a9c31
        	at org.openqa.selenium.remote.ErrorCodec.decode(ErrorCodec.java:169)
        	at org.openqa.selenium.remote.codec.w3c.W3CHttpResponseCodec.decode(W3CHttpResponseCodec.java:142)
        	at org.openqa.selenium.remote.codec.w3c.W3CHttpResponseCodec.decode(W3CHttpResponseCodec.java:49)
        	at org.openqa.selenium.remote.HttpCommandExecutor.execute(HttpCommandExecutor.java:223)
        	at org.openqa.selenium.remote.service.DriverCommandExecutor.invokeExecute(DriverCommandExecutor.java:216)
        	at org.openqa.selenium.remote.service.DriverCommandExecutor.execute(DriverCommandExecutor.java:174)
        	at org.openqa.selenium.remote.RemoteWebDriver.execute(RemoteWebDriver.java:601)
        	at org.openqa.selenium.remote.RemoteWebDriver.execute(RemoteWebDriver.java:678)
        	at org.openqa.selenium.remote.RemoteWebDriver.execute(RemoteWebDriver.java:682)
        	at org.openqa.selenium.remote.RemoteWebDriver.getScreenshotAs(RemoteWebDriver.java:390)
        	at hooks.HooksSetup.takeSceenshot(HooksSetup.java:43)
After Hook - tearDown - order 1
]]></system-out>
  </testcase>
  <testcase name="runScenario[&quot;verify login functionality with allinvalid combination&quot;, &quot;Login page functionality&quot;](4)" classname="runner.TestRunner" time="37.029">
    <system-out><![CDATA[  ✔ When user enters username "Admin" and password "Laxmi@123"           # stepDef.Login.user_enters_username_and_password(java.lang.String,java.lang.String)
  ✔ Then user should not be navigated to dashboard page                  # stepDef.Login.user_should_not_be_navigated_to_dashboard_page()
After Hook - tearDown - order 1
]]></system-out>
  </testcase>
</testsuite>