<?xml version="1.0" encoding="UTF-8"?>
<!-- Generated by org.testng.reporters.JUnitReportReporter -->
<testsuite hostname="Laxmi_Maurya" failures="1" tests="4" name="runner.TestRunner" time="226.842" errors="0" timestamp="2026-06-17T21:15:12 IST" skipped="0">
  <testcase classname="runner.TestRunner" name="runScenario" time="16.818"/>
  <testcase classname="runner.TestRunner" name="runScenario" time="26.919"/>
  <testcase classname="runner.TestRunner" name="runScenario" time="87.630">
    <failure message=" URL of dashboard expected [https://opensource-demo.orangehrmlive.com/web/index.php/dashboard/index] but found [https://opensource-demo.orangehrmlive.com/web/index.php/auth/login]" type="java.lang.AssertionError">
      <![CDATA[java.lang.AssertionError:  URL of dashboard expected [https://opensource-demo.orangehrmlive.com/web/index.php/dashboard/index] but found [https://opensource-demo.orangehrmlive.com/web/index.php/auth/login]
at org.testng.Assert.fail(Assert.java:111)
at org.testng.Assert.failNotEquals(Assert.java:1578)
at org.testng.Assert.assertEqualsImpl(Assert.java:150)
at org.testng.Assert.assertEquals(Assert.java:132)
at org.testng.Assert.assertEquals(Assert.java:656)
at stepDef.Login.user_should_be_navigated_to_dashboard_page(Login.java:50)
at ✽.user should be navigated to dashboard page(file:///C:/Users/laxmi/eclipse-workspace/Learning_Cucumber/src/test/resources/FeatureFiles/Login.feature:14)
]]>
    </failure>
  </testcase> <!-- runScenario -->
  <testcase classname="runner.TestRunner" name="runScenario" time="95.475"/>
</testsuite> <!-- runner.TestRunner -->
